<?xml version="1.0" encoding="UTF-8"?>
<!-- Generated by org.testng.reporters.JUnitXMLReporter -->
<testsuite hostname="DESKTOP-6FRAPJ2" ignored="0" name="Test" tests="4" failures="0" timestamp="16 Apr 2019 20:02:51 GMT" time="0.027" errors="0">
  <testcase name="BrowserAutomation" time="0.005" classname="qaclickacademy.SeleniumTest"/>
  <testcase name="ElementsUI" time="0.0" classname="qaclickacademy.SeleniumTest"/>
  <testcase name="DeleteTwitter" time="0.0" classname="qaclickacademy.RestAPITest"/>
  <testcase name="PostJira" time="0.0" classname="qaclickacademy.RestAPITest"/>
</testsuite> <!-- Test -->
